<?xml version="1.0" encoding="UTF-8"?>
<!-- Generated by org.testng.reporters.JUnitReportReporter -->
<testsuite hostname="LAPTOP-CIGD4TNM" failures="0" tests="1" name="com.webappsecurity.zero.TestScripts.VerifyValidLoginTest" time="3.421" errors="0" timestamp="2021-09-29T10:52:35 IST" skipped="0">
  <testcase classname="com.webappsecurity.zero.TestScripts.VerifyValidLoginTest" name="verifyValidLogin" time="3.421"/>
  <system-out/>
</testsuite> <!-- com.webappsecurity.zero.TestScripts.VerifyValidLoginTest -->
