<?xml version="1.0" encoding="UTF-8"?>
<!-- Generated by org.testng.reporters.JUnitReportReporter -->
<testsuite hostname="LAPTOP-CIGD4TNM" failures="0" tests="1" name="com.webappsecurity.zero.TestScripts.VerifyFundTransferTest" time="19.751" errors="0" timestamp="2021-09-29T10:42:23 IST" skipped="0">
  <testcase classname="com.webappsecurity.zero.TestScripts.VerifyFundTransferTest" name="verifyFundTransfer" time="19.751"/>
  <system-out/>
</testsuite> <!-- com.webappsecurity.zero.TestScripts.VerifyFundTransferTest -->
