<?xml version="1.0" encoding="UTF-8"?>
<!-- Generated by org.testng.reporters.JUnitReportReporter -->
<testsuite hostname="LAPTOP-CIGD4TNM" failures="0" tests="1" name="com.webappsecurity.zero.TestScripts.VerifyInvalidLoginTest" time="1.218" errors="0" timestamp="2021-09-29T11:06:11 IST" skipped="0">
  <testcase classname="com.webappsecurity.zero.TestScripts.VerifyInvalidLoginTest" name="verifyInvalidLogin" time="1.218"/>
  <system-out/>
</testsuite> <!-- com.webappsecurity.zero.TestScripts.VerifyInvalidLoginTest -->
